{"/Users/mamizou/work/makeomatic/mservice-calendar/utils.js":{"path":"/Users/mamizou/work/makeomatic/mservice-calendar/utils.js","s":{"1":2,"2":0,"3":0,"4":0,"5":1,"6":1},"b":{"1":[0,2],"2":[0,0,0],"3":[0,0,0]},"f":{"1":2},"fnMap":{"1":{"name":"(anonymous_1)","line":2,"loc":{"start":{"line":2,"column":16},"end":{"line":2,"column":25}}}},"statementMap":{"1":{"start":{"line":3,"column":8},"end":{"line":8,"column":9}},"2":{"start":{"line":4,"column":12},"end":{"line":4,"column":40}},"3":{"start":{"line":6,"column":12},"end":{"line":6,"column":49}},"4":{"start":{"line":7,"column":12},"end":{"line":7,"column":51}},"5":{"start":{"line":12,"column":0},"end":{"line":12,"column":27}},"6":{"start":{"line":14,"column":0},"end":{"line":14,"column":33}}},"branchMap":{"1":{"line":3,"type":"if","locations":[{"start":{"line":3,"column":8},"end":{"line":3,"column":8}},{"start":{"line":3,"column":8},"end":{"line":3,"column":8}}]},"2":{"line":6,"type":"binary-expr","locations":[{"start":{"line":6,"column":24},"end":{"line":6,"column":27}},{"start":{"line":6,"column":31},"end":{"line":6,"column":40}},{"start":{"line":6,"column":44},"end":{"line":6,"column":47}}]},"3":{"line":7,"type":"binary-expr","locations":[{"start":{"line":7,"column":24},"end":{"line":7,"column":27}},{"start":{"line":7,"column":31},"end":{"line":7,"column":43}},{"start":{"line":7,"column":47},"end":{"line":7,"column":49}}]}}},"/Users/mamizou/work/makeomatic/mservice-calendar/index.js":{"path":"/Users/mamizou/work/makeomatic/mservice-calendar/index.js","s":{"1":1,"2":1,"3":1,"4":1,"5":1,"6":1,"7":1,"8":1,"9":2,"10":2,"11":2,"12":2,"13":2,"14":2,"15":2,"16":2,"17":6,"18":1,"19":1,"20":1,"21":1,"22":1,"23":1,"24":17,"25":1,"26":16,"27":16,"28":1,"29":15,"30":14,"31":14,"32":14,"33":13,"34":1,"35":1,"36":1,"37":1},"b":{"1":[2,1],"2":[2,0],"3":[1,16],"4":[1,15],"5":[14,1],"6":[13,1]},"f":{"1":2,"2":2,"3":6,"4":1,"5":1,"6":1,"7":1,"8":17},"fnMap":{"1":{"name":"(anonymous_1)","line":21,"loc":{"start":{"line":21,"column":15},"end":{"line":21,"column":27}}},"2":{"name":"arrayHandler","line":35,"loc":{"start":{"line":35,"column":42},"end":{"line":35,"column":71}}},"3":{"name":"(anonymous_3)","line":36,"loc":{"start":{"line":36,"column":67},"end":{"line":36,"column":83}}},"4":{"name":"(anonymous_4)","line":46,"loc":{"start":{"line":46,"column":11},"end":{"line":46,"column":14}}},"5":{"name":"(anonymous_5)","line":47,"loc":{"start":{"line":47,"column":41},"end":{"line":47,"column":53}}},"6":{"name":"(anonymous_6)","line":62,"loc":{"start":{"line":62,"column":11},"end":{"line":62,"column":14}}},"7":{"name":"(anonymous_7)","line":63,"loc":{"start":{"line":63,"column":41},"end":{"line":63,"column":54}}},"8":{"name":"(anonymous_8)","line":80,"loc":{"start":{"line":80,"column":10},"end":{"line":80,"column":29}}}},"statementMap":{"1":{"start":{"line":1,"column":0},"end":{"line":1,"column":37}},"2":{"start":{"line":2,"column":0},"end":{"line":2,"column":36}},"3":{"start":{"line":3,"column":0},"end":{"line":3,"column":40}},"4":{"start":{"line":5,"column":0},"end":{"line":5,"column":46}},"5":{"start":{"line":6,"column":0},"end":{"line":6,"column":44}},"6":{"start":{"line":7,"column":0},"end":{"line":7,"column":46}},"7":{"start":{"line":9,"column":0},"end":{"line":9,"column":56}},"8":{"start":{"line":11,"column":0},"end":{"line":11,"column":29}},"9":{"start":{"line":22,"column":8},"end":{"line":22,"column":68}},"10":{"start":{"line":25,"column":8},"end":{"line":25,"column":40}},"11":{"start":{"line":26,"column":8},"end":{"line":26,"column":43}},"12":{"start":{"line":27,"column":8},"end":{"line":27,"column":58}},"13":{"start":{"line":30,"column":8},"end":{"line":32,"column":10}},"14":{"start":{"line":35,"column":8},"end":{"line":39,"column":11}},"15":{"start":{"line":36,"column":12},"end":{"line":38,"column":16}},"16":{"start":{"line":36,"column":38},"end":{"line":38,"column":16}},"17":{"start":{"line":37,"column":16},"end":{"line":37,"column":45}},"18":{"start":{"line":47,"column":8},"end":{"line":53,"column":22}},"19":{"start":{"line":48,"column":12},"end":{"line":52,"column":14}},"20":{"start":{"line":55,"column":8},"end":{"line":55,"column":24}},"21":{"start":{"line":63,"column":8},"end":{"line":69,"column":22}},"22":{"start":{"line":64,"column":12},"end":{"line":68,"column":14}},"23":{"start":{"line":71,"column":8},"end":{"line":71,"column":24}},"24":{"start":{"line":81,"column":8},"end":{"line":83,"column":9}},"25":{"start":{"line":82,"column":12},"end":{"line":82,"column":78}},"26":{"start":{"line":84,"column":8},"end":{"line":84,"column":79}},"27":{"start":{"line":85,"column":8},"end":{"line":87,"column":9}},"28":{"start":{"line":86,"column":12},"end":{"line":86,"column":78}},"29":{"start":{"line":89,"column":8},"end":{"line":100,"column":9}},"30":{"start":{"line":90,"column":12},"end":{"line":90,"column":61}},"31":{"start":{"line":91,"column":12},"end":{"line":91,"column":47}},"32":{"start":{"line":93,"column":12},"end":{"line":97,"column":13}},"33":{"start":{"line":94,"column":16},"end":{"line":94,"column":56}},"34":{"start":{"line":96,"column":16},"end":{"line":96,"column":77}},"35":{"start":{"line":99,"column":12},"end":{"line":99,"column":77}},"36":{"start":{"line":105,"column":0},"end":{"line":109,"column":2}},"37":{"start":{"line":111,"column":0},"end":{"line":111,"column":33}}},"branchMap":{"1":{"line":27,"type":"binary-expr","locations":[{"start":{"line":27,"column":29},"end":{"line":27,"column":43}},{"start":{"line":27,"column":47},"end":{"line":27,"column":57}}]},"2":{"line":36,"type":"if","locations":[{"start":{"line":36,"column":12},"end":{"line":36,"column":12}},{"start":{"line":36,"column":12},"end":{"line":36,"column":12}}]},"3":{"line":81,"type":"if","locations":[{"start":{"line":81,"column":8},"end":{"line":81,"column":8}},{"start":{"line":81,"column":8},"end":{"line":81,"column":8}}]},"4":{"line":85,"type":"if","locations":[{"start":{"line":85,"column":8},"end":{"line":85,"column":8}},{"start":{"line":85,"column":8},"end":{"line":85,"column":8}}]},"5":{"line":89,"type":"if","locations":[{"start":{"line":89,"column":8},"end":{"line":89,"column":8}},{"start":{"line":89,"column":8},"end":{"line":89,"column":8}}]},"6":{"line":93,"type":"if","locations":[{"start":{"line":93,"column":12},"end":{"line":93,"column":12}},{"start":{"line":93,"column":12},"end":{"line":93,"column":12}}]}}},"/Users/mamizou/work/makeomatic/mservice-calendar/models/events.js":{"path":"/Users/mamizou/work/makeomatic/mservice-calendar/models/events.js","s":{"1":1,"2":1,"3":1,"4":1,"5":5,"6":1,"7":1,"8":5,"9":5,"10":5,"11":5,"12":5,"13":4,"14":3,"15":3,"16":1,"17":1,"18":1,"19":8,"20":1,"21":1,"22":0,"23":2,"24":2,"25":4,"26":4,"27":4,"28":2,"29":2,"30":0,"31":0,"32":0,"33":0,"34":1,"35":1,"36":1,"37":1,"38":1,"39":1,"40":1,"41":1},"b":{"1":[3,1],"2":[1,0],"3":[8,7],"4":[2,2]},"f":{"1":5,"2":1,"3":5,"4":4,"5":2,"6":4,"7":0,"8":1,"9":1},"fnMap":{"1":{"name":"(anonymous_1)","line":20,"loc":{"start":{"line":20,"column":12},"end":{"line":20,"column":15}}},"2":{"name":"(anonymous_2)","line":21,"loc":{"start":{"line":21,"column":12},"end":{"line":21,"column":18}}},"3":{"name":"(anonymous_3)","line":26,"loc":{"start":{"line":26,"column":15},"end":{"line":26,"column":26}}},"4":{"name":"(anonymous_4)","line":36,"loc":{"start":{"line":36,"column":8},"end":{"line":36,"column":11}}},"5":{"name":"(anonymous_5)","line":50,"loc":{"start":{"line":50,"column":7},"end":{"line":50,"column":10}}},"6":{"name":"(anonymous_6)","line":55,"loc":{"start":{"line":55,"column":17},"end":{"line":55,"column":26}}},"7":{"name":"(anonymous_7)","line":66,"loc":{"start":{"line":66,"column":17},"end":{"line":66,"column":29}}},"8":{"name":"(anonymous_8)","line":75,"loc":{"start":{"line":75,"column":18},"end":{"line":75,"column":23}}},"9":{"name":"(anonymous_9)","line":81,"loc":{"start":{"line":81,"column":18},"end":{"line":81,"column":23}}}},"statementMap":{"1":{"start":{"line":13,"column":0},"end":{"line":13,"column":36}},"2":{"start":{"line":14,"column":0},"end":{"line":14,"column":40}},"3":{"start":{"line":15,"column":0},"end":{"line":15,"column":40}},"4":{"start":{"line":17,"column":0},"end":{"line":17,"column":33}},"5":{"start":{"line":20,"column":17},"end":{"line":20,"column":35}},"6":{"start":{"line":22,"column":8},"end":{"line":22,"column":52}},"7":{"start":{"line":23,"column":8},"end":{"line":23,"column":27}},"8":{"start":{"line":27,"column":8},"end":{"line":27,"column":18}},"9":{"start":{"line":29,"column":8},"end":{"line":29,"column":73}},"10":{"start":{"line":30,"column":8},"end":{"line":30,"column":60}},"11":{"start":{"line":32,"column":8},"end":{"line":32,"column":26}},"12":{"start":{"line":33,"column":8},"end":{"line":33,"column":33}},"13":{"start":{"line":37,"column":8},"end":{"line":47,"column":9}},"14":{"start":{"line":38,"column":12},"end":{"line":38,"column":38}},"15":{"start":{"line":39,"column":12},"end":{"line":39,"column":91}},"16":{"start":{"line":40,"column":15},"end":{"line":47,"column":9}},"17":{"start":{"line":41,"column":12},"end":{"line":41,"column":32}},"18":{"start":{"line":42,"column":12},"end":{"line":42,"column":95}},"19":{"start":{"line":42,"column":63},"end":{"line":42,"column":92}},"20":{"start":{"line":43,"column":12},"end":{"line":43,"column":83}},"21":{"start":{"line":44,"column":12},"end":{"line":44,"column":72}},"22":{"start":{"line":46,"column":12},"end":{"line":46,"column":41}},"23":{"start":{"line":51,"column":8},"end":{"line":51,"column":34}},"24":{"start":{"line":52,"column":8},"end":{"line":52,"column":20}},"25":{"start":{"line":56,"column":8},"end":{"line":56,"column":69}},"26":{"start":{"line":57,"column":8},"end":{"line":63,"column":11}},"27":{"start":{"line":58,"column":12},"end":{"line":62,"column":13}},"28":{"start":{"line":59,"column":16},"end":{"line":59,"column":64}},"29":{"start":{"line":61,"column":16},"end":{"line":61,"column":80}},"30":{"start":{"line":67,"column":8},"end":{"line":67,"column":69}},"31":{"start":{"line":68,"column":8},"end":{"line":72,"column":11}},"32":{"start":{"line":69,"column":12},"end":{"line":71,"column":15}},"33":{"start":{"line":70,"column":16},"end":{"line":70,"column":54}},"34":{"start":{"line":76,"column":8},"end":{"line":76,"column":69}},"35":{"start":{"line":77,"column":8},"end":{"line":77,"column":56}},"36":{"start":{"line":78,"column":8},"end":{"line":78,"column":33}},"37":{"start":{"line":82,"column":8},"end":{"line":82,"column":69}},"38":{"start":{"line":83,"column":8},"end":{"line":83,"column":34}},"39":{"start":{"line":87,"column":0},"end":{"line":87,"column":32}},"40":{"start":{"line":88,"column":0},"end":{"line":97,"column":2}},"41":{"start":{"line":99,"column":0},"end":{"line":99,"column":28}}},"branchMap":{"1":{"line":37,"type":"if","locations":[{"start":{"line":37,"column":8},"end":{"line":37,"column":8}},{"start":{"line":37,"column":8},"end":{"line":37,"column":8}}]},"2":{"line":40,"type":"if","locations":[{"start":{"line":40,"column":15},"end":{"line":40,"column":15}},{"start":{"line":40,"column":15},"end":{"line":40,"column":15}}]},"3":{"line":42,"type":"binary-expr","locations":[{"start":{"line":42,"column":63},"end":{"line":42,"column":74}},{"start":{"line":42,"column":78},"end":{"line":42,"column":92}}]},"4":{"line":58,"type":"if","locations":[{"start":{"line":58,"column":12},"end":{"line":58,"column":12}},{"start":{"line":58,"column":12},"end":{"line":58,"column":12}}]}}},"/Users/mamizou/work/makeomatic/mservice-calendar/models/model.js":{"path":"/Users/mamizou/work/makeomatic/mservice-calendar/models/model.js","s":{"1":1,"2":1,"3":1,"4":1,"5":1,"6":5,"7":1,"8":7,"9":2,"10":1,"11":3,"12":1,"13":2,"14":2,"15":0,"16":1,"17":1,"18":6,"19":1,"20":0,"21":0,"22":0},"b":{"1":[2,1,3,1],"2":[1,2],"3":[2,0],"4":[0,0]},"f":{"1":5,"2":1,"3":7,"4":0,"5":0},"fnMap":{"1":{"name":"(anonymous_1)","line":7,"loc":{"start":{"line":7,"column":15},"end":{"line":7,"column":20}}},"2":{"name":"(anonymous_2)","line":11,"loc":{"start":{"line":11,"column":16},"end":{"line":11,"column":40}}},"3":{"name":"(anonymous_3)","line":13,"loc":{"start":{"line":13,"column":28},"end":{"line":13,"column":44}}},"4":{"name":"(anonymous_4)","line":45,"loc":{"start":{"line":45,"column":21},"end":{"line":45,"column":24}}},"5":{"name":"(anonymous_5)","line":49,"loc":{"start":{"line":49,"column":22},"end":{"line":49,"column":31}}}},"statementMap":{"1":{"start":{"line":1,"column":0},"end":{"line":1,"column":40}},"2":{"start":{"line":2,"column":0},"end":{"line":2,"column":36}},"3":{"start":{"line":3,"column":0},"end":{"line":3,"column":40}},"4":{"start":{"line":4,"column":0},"end":{"line":4,"column":42}},"5":{"start":{"line":6,"column":0},"end":{"line":54,"column":2}},"6":{"start":{"line":8,"column":8},"end":{"line":8,"column":21}},"7":{"start":{"line":13,"column":8},"end":{"line":30,"column":10}},"8":{"start":{"line":14,"column":12},"end":{"line":29,"column":13}},"9":{"start":{"line":16,"column":20},"end":{"line":16,"column":40}},"10":{"start":{"line":18,"column":20},"end":{"line":18,"column":41}},"11":{"start":{"line":20,"column":20},"end":{"line":26,"column":21}},"12":{"start":{"line":21,"column":24},"end":{"line":21,"column":78}},"13":{"start":{"line":22,"column":27},"end":{"line":26,"column":21}},"14":{"start":{"line":23,"column":24},"end":{"line":23,"column":61}},"15":{"start":{"line":25,"column":24},"end":{"line":25,"column":38}},"16":{"start":{"line":28,"column":20},"end":{"line":28,"column":34}},"17":{"start":{"line":32,"column":8},"end":{"line":36,"column":10}},"18":{"start":{"line":34,"column":36},"end":{"line":34,"column":84}},"19":{"start":{"line":38,"column":8},"end":{"line":38,"column":92}},"20":{"start":{"line":46,"column":8},"end":{"line":46,"column":69}},"21":{"start":{"line":50,"column":8},"end":{"line":52,"column":9}},"22":{"start":{"line":51,"column":12},"end":{"line":51,"column":31}}},"branchMap":{"1":{"line":14,"type":"switch","locations":[{"start":{"line":15,"column":16},"end":{"line":16,"column":40}},{"start":{"line":17,"column":16},"end":{"line":18,"column":41}},{"start":{"line":19,"column":16},"end":{"line":26,"column":21}},{"start":{"line":27,"column":16},"end":{"line":28,"column":34}}]},"2":{"line":20,"type":"if","locations":[{"start":{"line":20,"column":20},"end":{"line":20,"column":20}},{"start":{"line":20,"column":20},"end":{"line":20,"column":20}}]},"3":{"line":22,"type":"if","locations":[{"start":{"line":22,"column":27},"end":{"line":22,"column":27}},{"start":{"line":22,"column":27},"end":{"line":22,"column":27}}]},"4":{"line":50,"type":"if","locations":[{"start":{"line":50,"column":8},"end":{"line":50,"column":8}},{"start":{"line":50,"column":8},"end":{"line":50,"column":8}}]}}},"/Users/mamizou/work/makeomatic/mservice-calendar/models/hosts.js":{"path":"/Users/mamizou/work/makeomatic/mservice-calendar/models/hosts.js","s":{"1":1,"2":0,"3":0,"4":0,"5":0,"6":1,"7":1,"8":1,"9":1,"10":1,"11":1,"12":1,"13":1},"b":{},"f":{"1":0,"2":1,"3":1},"fnMap":{"1":{"name":"(anonymous_1)","line":4,"loc":{"start":{"line":4,"column":15},"end":{"line":4,"column":26}}},"2":{"name":"(anonymous_2)","line":14,"loc":{"start":{"line":14,"column":18},"end":{"line":14,"column":23}}},"3":{"name":"(anonymous_3)","line":20,"loc":{"start":{"line":20,"column":18},"end":{"line":20,"column":23}}}},"statementMap":{"1":{"start":{"line":1,"column":0},"end":{"line":1,"column":33}},"2":{"start":{"line":5,"column":8},"end":{"line":5,"column":18}},"3":{"start":{"line":7,"column":8},"end":{"line":7,"column":72}},"4":{"start":{"line":8,"column":8},"end":{"line":8,"column":59}},"5":{"start":{"line":11,"column":8},"end":{"line":11,"column":25}},"6":{"start":{"line":15,"column":8},"end":{"line":15,"column":68}},"7":{"start":{"line":16,"column":8},"end":{"line":16,"column":55}},"8":{"start":{"line":17,"column":8},"end":{"line":17,"column":33}},"9":{"start":{"line":21,"column":8},"end":{"line":21,"column":68}},"10":{"start":{"line":22,"column":8},"end":{"line":22,"column":34}},"11":{"start":{"line":26,"column":0},"end":{"line":26,"column":30}},"12":{"start":{"line":27,"column":0},"end":{"line":31,"column":2}},"13":{"start":{"line":33,"column":0},"end":{"line":33,"column":27}}},"branchMap":{}},"/Users/mamizou/work/makeomatic/mservice-calendar/models/guests.js":{"path":"/Users/mamizou/work/makeomatic/mservice-calendar/models/guests.js","s":{"1":1,"2":0,"3":0,"4":0,"5":0,"6":1,"7":1,"8":1,"9":1,"10":1,"11":1,"12":1,"13":1},"b":{},"f":{"1":0,"2":1,"3":1},"fnMap":{"1":{"name":"(anonymous_1)","line":4,"loc":{"start":{"line":4,"column":15},"end":{"line":4,"column":26}}},"2":{"name":"(anonymous_2)","line":14,"loc":{"start":{"line":14,"column":18},"end":{"line":14,"column":23}}},"3":{"name":"(anonymous_3)","line":20,"loc":{"start":{"line":20,"column":18},"end":{"line":20,"column":23}}}},"statementMap":{"1":{"start":{"line":1,"column":0},"end":{"line":1,"column":33}},"2":{"start":{"line":5,"column":8},"end":{"line":5,"column":18}},"3":{"start":{"line":7,"column":8},"end":{"line":7,"column":73}},"4":{"start":{"line":8,"column":8},"end":{"line":8,"column":60}},"5":{"start":{"line":11,"column":8},"end":{"line":11,"column":25}},"6":{"start":{"line":15,"column":8},"end":{"line":15,"column":69}},"7":{"start":{"line":16,"column":8},"end":{"line":16,"column":56}},"8":{"start":{"line":17,"column":8},"end":{"line":17,"column":33}},"9":{"start":{"line":21,"column":8},"end":{"line":21,"column":69}},"10":{"start":{"line":22,"column":8},"end":{"line":22,"column":34}},"11":{"start":{"line":26,"column":0},"end":{"line":26,"column":32}},"12":{"start":{"line":27,"column":0},"end":{"line":31,"column":2}},"13":{"start":{"line":33,"column":0},"end":{"line":33,"column":28}}},"branchMap":{}},"/Users/mamizou/work/makeomatic/mservice-calendar/controllers/events.js":{"path":"/Users/mamizou/work/makeomatic/mservice-calendar/controllers/events.js","s":{"1":1,"2":1,"3":1,"4":1,"5":1,"6":2,"7":7,"8":7,"9":1,"10":6,"11":4,"12":1,"13":3,"14":3,"15":1,"16":4,"17":4,"18":4,"19":3,"20":3,"21":4,"22":4,"23":1,"24":3,"25":2,"26":1,"27":1,"28":0,"29":0,"30":0,"31":2,"32":2,"33":0,"34":2,"35":1},"b":{"1":[1,6],"2":[4,2],"3":[1,3],"4":[4,0],"5":[1,3],"6":[0,2]},"f":{"1":2,"2":7,"3":7,"4":4,"5":4,"6":0,"7":0,"8":0,"9":2,"10":2},"fnMap":{"1":{"name":"(anonymous_1)","line":10,"loc":{"start":{"line":10,"column":15},"end":{"line":10,"column":25}}},"2":{"name":"(anonymous_2)","line":14,"loc":{"start":{"line":14,"column":10},"end":{"line":14,"column":17}}},"3":{"name":"createUnit","line":15,"loc":{"start":{"line":15,"column":41},"end":{"line":15,"column":68}}},"4":{"name":"(anonymous_4)","line":44,"loc":{"start":{"line":44,"column":10},"end":{"line":44,"column":17}}},"5":{"name":"updateUnit","line":45,"loc":{"start":{"line":45,"column":41},"end":{"line":45,"column":68}}},"6":{"name":"(anonymous_6)","line":57,"loc":{"start":{"line":57,"column":10},"end":{"line":57,"column":13}}},"7":{"name":"(anonymous_7)","line":61,"loc":{"start":{"line":61,"column":8},"end":{"line":61,"column":15}}},"8":{"name":"singleUnit","line":62,"loc":{"start":{"line":62,"column":39},"end":{"line":62,"column":66}}},"9":{"name":"(anonymous_9)","line":68,"loc":{"start":{"line":68,"column":10},"end":{"line":68,"column":17}}},"10":{"name":"singleUnit","line":69,"loc":{"start":{"line":69,"column":41},"end":{"line":69,"column":68}}}},"statementMap":{"1":{"start":{"line":1,"column":0},"end":{"line":1,"column":43}},"2":{"start":{"line":3,"column":0},"end":{"line":3,"column":47}},"3":{"start":{"line":5,"column":0},"end":{"line":5,"column":36}},"4":{"start":{"line":6,"column":0},"end":{"line":6,"column":40}},"5":{"start":{"line":7,"column":0},"end":{"line":7,"column":37}},"6":{"start":{"line":11,"column":8},"end":{"line":11,"column":23}},"7":{"start":{"line":15,"column":8},"end":{"line":41,"column":11}},"8":{"start":{"line":16,"column":12},"end":{"line":18,"column":13}},"9":{"start":{"line":17,"column":16},"end":{"line":17,"column":78}},"10":{"start":{"line":20,"column":12},"end":{"line":32,"column":13}},"11":{"start":{"line":22,"column":16},"end":{"line":24,"column":17}},"12":{"start":{"line":23,"column":20},"end":{"line":23,"column":89}},"13":{"start":{"line":27,"column":16},"end":{"line":31,"column":17}},"14":{"start":{"line":28,"column":20},"end":{"line":28,"column":50}},"15":{"start":{"line":30,"column":20},"end":{"line":30,"column":66}},"16":{"start":{"line":34,"column":12},"end":{"line":36,"column":13}},"17":{"start":{"line":35,"column":16},"end":{"line":35,"column":31}},"18":{"start":{"line":38,"column":12},"end":{"line":38,"column":65}},"19":{"start":{"line":39,"column":12},"end":{"line":39,"column":64}},"20":{"start":{"line":40,"column":12},"end":{"line":40,"column":41}},"21":{"start":{"line":45,"column":8},"end":{"line":54,"column":11}},"22":{"start":{"line":46,"column":12},"end":{"line":48,"column":13}},"23":{"start":{"line":47,"column":16},"end":{"line":47,"column":74}},"24":{"start":{"line":50,"column":12},"end":{"line":50,"column":72}},"25":{"start":{"line":51,"column":12},"end":{"line":51,"column":76}},"26":{"start":{"line":52,"column":12},"end":{"line":52,"column":38}},"27":{"start":{"line":53,"column":12},"end":{"line":53,"column":41}},"28":{"start":{"line":62,"column":8},"end":{"line":65,"column":11}},"29":{"start":{"line":63,"column":12},"end":{"line":63,"column":64}},"30":{"start":{"line":64,"column":12},"end":{"line":64,"column":63}},"31":{"start":{"line":69,"column":8},"end":{"line":75,"column":11}},"32":{"start":{"line":70,"column":12},"end":{"line":72,"column":13}},"33":{"start":{"line":71,"column":16},"end":{"line":71,"column":74}},"34":{"start":{"line":74,"column":12},"end":{"line":74,"column":61}},"35":{"start":{"line":79,"column":0},"end":{"line":79,"column":33}}},"branchMap":{"1":{"line":16,"type":"if","locations":[{"start":{"line":16,"column":12},"end":{"line":16,"column":12}},{"start":{"line":16,"column":12},"end":{"line":16,"column":12}}]},"2":{"line":20,"type":"if","locations":[{"start":{"line":20,"column":12},"end":{"line":20,"column":12}},{"start":{"line":20,"column":12},"end":{"line":20,"column":12}}]},"3":{"line":22,"type":"if","locations":[{"start":{"line":22,"column":16},"end":{"line":22,"column":16}},{"start":{"line":22,"column":16},"end":{"line":22,"column":16}}]},"4":{"line":34,"type":"if","locations":[{"start":{"line":34,"column":12},"end":{"line":34,"column":12}},{"start":{"line":34,"column":12},"end":{"line":34,"column":12}}]},"5":{"line":46,"type":"if","locations":[{"start":{"line":46,"column":12},"end":{"line":46,"column":12}},{"start":{"line":46,"column":12},"end":{"line":46,"column":12}}]},"6":{"line":70,"type":"if","locations":[{"start":{"line":70,"column":12},"end":{"line":70,"column":12}},{"start":{"line":70,"column":12},"end":{"line":70,"column":12}}]}}},"/Users/mamizou/work/makeomatic/mservice-calendar/controllers/controller.js":{"path":"/Users/mamizou/work/makeomatic/mservice-calendar/controllers/controller.js","s":{"1":1,"2":1,"3":13,"4":2,"5":2,"6":2,"7":2,"8":2,"9":17,"10":0,"11":0,"12":0,"13":0,"14":0,"15":0,"16":26,"17":26,"18":0,"19":0,"20":0,"21":13,"22":13,"23":13,"24":13,"25":1},"b":{"1":[0,0],"2":[0,0,0],"3":[0,0],"4":[0,0,0],"5":[26,0],"6":[26,26],"7":[0,0],"8":[13,0]},"f":{"1":13,"2":0,"3":2,"4":17,"5":0,"6":0,"7":26,"8":13},"fnMap":{"1":{"name":"isGenerator","line":3,"loc":{"start":{"line":3,"column":0},"end":{"line":3,"column":24}}},"2":{"name":"(anonymous_2)","line":4,"loc":{"start":{"line":4,"column":62},"end":{"line":4,"column":74}}},"3":{"name":"(anonymous_3)","line":8,"loc":{"start":{"line":8,"column":15},"end":{"line":8,"column":33}}},"4":{"name":"(anonymous_4)","line":19,"loc":{"start":{"line":19,"column":25},"end":{"line":19,"column":41}}},"5":{"name":"(anonymous_5)","line":27,"loc":{"start":{"line":27,"column":7},"end":{"line":27,"column":22}}},"6":{"name":"(anonymous_6)","line":41,"loc":{"start":{"line":41,"column":8},"end":{"line":41,"column":23}}},"7":{"name":"(anonymous_7)","line":55,"loc":{"start":{"line":55,"column":7},"end":{"line":55,"column":22}}},"8":{"name":"(anonymous_8)","line":75,"loc":{"start":{"line":75,"column":8},"end":{"line":75,"column":29}}}},"statementMap":{"1":{"start":{"line":1,"column":0},"end":{"line":1,"column":36}},"2":{"start":{"line":3,"column":0},"end":{"line":5,"column":1}},"3":{"start":{"line":4,"column":4},"end":{"line":4,"column":78}},"4":{"start":{"line":9,"column":8},"end":{"line":9,"column":33}},"5":{"start":{"line":10,"column":8},"end":{"line":10,"column":24}},"6":{"start":{"line":12,"column":8},"end":{"line":15,"column":10}},"7":{"start":{"line":17,"column":8},"end":{"line":17,"column":49}},"8":{"start":{"line":19,"column":8},"end":{"line":19,"column":58}},"9":{"start":{"line":19,"column":43},"end":{"line":19,"column":56}},"10":{"start":{"line":28,"column":8},"end":{"line":33,"column":9}},"11":{"start":{"line":29,"column":12},"end":{"line":29,"column":45}},"12":{"start":{"line":32,"column":12},"end":{"line":32,"column":45}},"13":{"start":{"line":42,"column":8},"end":{"line":47,"column":9}},"14":{"start":{"line":43,"column":12},"end":{"line":43,"column":46}},"15":{"start":{"line":46,"column":12},"end":{"line":46,"column":46}},"16":{"start":{"line":56,"column":8},"end":{"line":58,"column":9}},"17":{"start":{"line":57,"column":12},"end":{"line":57,"column":34}},"18":{"start":{"line":60,"column":8},"end":{"line":62,"column":9}},"19":{"start":{"line":61,"column":12},"end":{"line":61,"column":34}},"20":{"start":{"line":64,"column":8},"end":{"line":64,"column":40}},"21":{"start":{"line":76,"column":8},"end":{"line":76,"column":45}},"22":{"start":{"line":77,"column":8},"end":{"line":79,"column":9}},"23":{"start":{"line":78,"column":12},"end":{"line":78,"column":63}},"24":{"start":{"line":80,"column":8},"end":{"line":83,"column":46}},"25":{"start":{"line":87,"column":0},"end":{"line":87,"column":28}}},"branchMap":{"1":{"line":28,"type":"if","locations":[{"start":{"line":28,"column":8},"end":{"line":28,"column":8}},{"start":{"line":28,"column":8},"end":{"line":28,"column":8}}]},"2":{"line":28,"type":"binary-expr","locations":[{"start":{"line":28,"column":12},"end":{"line":28,"column":30}},{"start":{"line":28,"column":34},"end":{"line":28,"column":47}},{"start":{"line":28,"column":51},"end":{"line":28,"column":76}}]},"3":{"line":42,"type":"if","locations":[{"start":{"line":42,"column":8},"end":{"line":42,"column":8}},{"start":{"line":42,"column":8},"end":{"line":42,"column":8}}]},"4":{"line":42,"type":"binary-expr","locations":[{"start":{"line":42,"column":12},"end":{"line":42,"column":30}},{"start":{"line":42,"column":34},"end":{"line":42,"column":47}},{"start":{"line":42,"column":51},"end":{"line":42,"column":76}}]},"5":{"line":56,"type":"if","locations":[{"start":{"line":56,"column":8},"end":{"line":56,"column":8}},{"start":{"line":56,"column":8},"end":{"line":56,"column":8}}]},"6":{"line":56,"type":"binary-expr","locations":[{"start":{"line":56,"column":12},"end":{"line":56,"column":44}},{"start":{"line":56,"column":48},"end":{"line":56,"column":88}}]},"7":{"line":60,"type":"if","locations":[{"start":{"line":60,"column":8},"end":{"line":60,"column":8}},{"start":{"line":60,"column":8},"end":{"line":60,"column":8}}]},"8":{"line":77,"type":"if","locations":[{"start":{"line":77,"column":8},"end":{"line":77,"column":8}},{"start":{"line":77,"column":8},"end":{"line":77,"column":8}}]}}}}