{"/Users/mamizou/work/makeomatic/mservice-calendar/index.js":{"path":"/Users/mamizou/work/makeomatic/mservice-calendar/index.js","s":{"1":1,"2":1,"3":1,"4":1,"5":1,"6":1,"7":1,"8":1,"9":0,"10":0,"11":0,"12":0,"13":0,"14":0,"15":0,"16":0,"17":0,"18":0,"19":0,"20":0,"21":0,"22":0,"23":1,"24":1},"b":{"1":[0,0]},"f":{"1":0,"2":0,"3":0,"4":0,"5":0,"6":0,"7":0,"8":0,"9":0},"fnMap":{"1":{"name":"(anonymous_1)","line":12,"loc":{"start":{"line":12,"column":34},"end":{"line":12,"column":51}}},"2":{"name":"(anonymous_2)","line":13,"loc":{"start":{"line":13,"column":59},"end":{"line":13,"column":75}}},"3":{"name":"(anonymous_3)","line":14,"loc":{"start":{"line":14,"column":43},"end":{"line":14,"column":59}}},"4":{"name":"(anonymous_4)","line":22,"loc":{"start":{"line":22,"column":15},"end":{"line":22,"column":27}}},"5":{"name":"(anonymous_5)","line":39,"loc":{"start":{"line":39,"column":11},"end":{"line":39,"column":14}}},"6":{"name":"(anonymous_6)","line":40,"loc":{"start":{"line":40,"column":41},"end":{"line":40,"column":53}}},"7":{"name":"(anonymous_7)","line":51,"loc":{"start":{"line":51,"column":8},"end":{"line":51,"column":11}}},"8":{"name":"(anonymous_8)","line":52,"loc":{"start":{"line":52,"column":106},"end":{"line":52,"column":122}}},"9":{"name":"(anonymous_9)","line":57,"loc":{"start":{"line":57,"column":10},"end":{"line":57,"column":38}}}},"statementMap":{"1":{"start":{"line":1,"column":0},"end":{"line":1,"column":37}},"2":{"start":{"line":2,"column":0},"end":{"line":2,"column":36}},"3":{"start":{"line":4,"column":0},"end":{"line":4,"column":46}},"4":{"start":{"line":5,"column":0},"end":{"line":5,"column":44}},"5":{"start":{"line":6,"column":0},"end":{"line":6,"column":46}},"6":{"start":{"line":8,"column":0},"end":{"line":8,"column":56}},"7":{"start":{"line":10,"column":0},"end":{"line":10,"column":29}},"8":{"start":{"line":12,"column":0},"end":{"line":18,"column":3}},"9":{"start":{"line":13,"column":4},"end":{"line":17,"column":8}},"10":{"start":{"line":13,"column":30},"end":{"line":17,"column":8}},"11":{"start":{"line":14,"column":8},"end":{"line":16,"column":11}},"12":{"start":{"line":15,"column":12},"end":{"line":15,"column":33}},"13":{"start":{"line":23,"column":8},"end":{"line":23,"column":68}},"14":{"start":{"line":26,"column":8},"end":{"line":26,"column":40}},"15":{"start":{"line":27,"column":8},"end":{"line":27,"column":44}},"16":{"start":{"line":30,"column":8},"end":{"line":32,"column":9}},"17":{"start":{"line":40,"column":8},"end":{"line":46,"column":22}},"18":{"start":{"line":41,"column":12},"end":{"line":45,"column":14}},"19":{"start":{"line":48,"column":8},"end":{"line":48,"column":24}},"20":{"start":{"line":52,"column":8},"end":{"line":54,"column":45}},"21":{"start":{"line":53,"column":12},"end":{"line":53,"column":40}},"22":{"start":{"line":54,"column":24},"end":{"line":54,"column":41}},"23":{"start":{"line":63,"column":0},"end":{"line":67,"column":2}},"24":{"start":{"line":69,"column":0},"end":{"line":69,"column":33}}},"branchMap":{"1":{"line":13,"type":"if","locations":[{"start":{"line":13,"column":4},"end":{"line":13,"column":4}},{"start":{"line":13,"column":4},"end":{"line":13,"column":4}}]}}},"/Users/mamizou/work/makeomatic/mservice-calendar/models/events.js":{"path":"/Users/mamizou/work/makeomatic/mservice-calendar/models/events.js","s":{"1":1,"2":0,"3":0,"4":0,"5":0,"6":0,"7":0,"8":1,"9":1,"10":1},"b":{},"f":{"1":0,"2":0,"3":0},"fnMap":{"1":{"name":"(anonymous_1)","line":16,"loc":{"start":{"line":16,"column":15},"end":{"line":16,"column":26}}},"2":{"name":"(anonymous_2)","line":26,"loc":{"start":{"line":26,"column":8},"end":{"line":26,"column":11}}},"3":{"name":"(anonymous_3)","line":31,"loc":{"start":{"line":31,"column":18},"end":{"line":31,"column":26}}}},"statementMap":{"1":{"start":{"line":13,"column":0},"end":{"line":13,"column":33}},"2":{"start":{"line":17,"column":8},"end":{"line":17,"column":18}},"3":{"start":{"line":19,"column":8},"end":{"line":19,"column":46}},"4":{"start":{"line":20,"column":8},"end":{"line":20,"column":40}},"5":{"start":{"line":23,"column":8},"end":{"line":23,"column":25}},"6":{"start":{"line":28,"column":8},"end":{"line":28,"column":81}},"7":{"start":{"line":32,"column":8},"end":{"line":32,"column":47}},"8":{"start":{"line":36,"column":0},"end":{"line":36,"column":41}},"9":{"start":{"line":37,"column":0},"end":{"line":48,"column":2}},"10":{"start":{"line":50,"column":0},"end":{"line":50,"column":28}}},"branchMap":{}},"/Users/mamizou/work/makeomatic/mservice-calendar/models/model.js":{"path":"/Users/mamizou/work/makeomatic/mservice-calendar/models/model.js","s":{"1":1,"2":0,"3":0,"4":0,"5":0},"b":{"1":[0,0]},"f":{"1":0,"2":0,"3":0},"fnMap":{"1":{"name":"(anonymous_1)","line":2,"loc":{"start":{"line":2,"column":15},"end":{"line":2,"column":20}}},"2":{"name":"(anonymous_2)","line":10,"loc":{"start":{"line":10,"column":21},"end":{"line":10,"column":24}}},"3":{"name":"(anonymous_3)","line":14,"loc":{"start":{"line":14,"column":22},"end":{"line":14,"column":31}}}},"statementMap":{"1":{"start":{"line":1,"column":0},"end":{"line":19,"column":2}},"2":{"start":{"line":3,"column":8},"end":{"line":3,"column":21}},"3":{"start":{"line":11,"column":8},"end":{"line":11,"column":69}},"4":{"start":{"line":15,"column":8},"end":{"line":17,"column":9}},"5":{"start":{"line":16,"column":12},"end":{"line":16,"column":31}}},"branchMap":{"1":{"line":15,"type":"if","locations":[{"start":{"line":15,"column":8},"end":{"line":15,"column":8}},{"start":{"line":15,"column":8},"end":{"line":15,"column":8}}]}}},"/Users/mamizou/work/makeomatic/mservice-calendar/models/hosts.js":{"path":"/Users/mamizou/work/makeomatic/mservice-calendar/models/hosts.js","s":{"1":1,"2":0,"3":0,"4":1,"5":1,"6":1},"b":{},"f":{"1":0,"2":0},"fnMap":{"1":{"name":"(anonymous_1)","line":4,"loc":{"start":{"line":4,"column":15},"end":{"line":4,"column":25}}},"2":{"name":"(anonymous_2)","line":8,"loc":{"start":{"line":8,"column":18},"end":{"line":8,"column":26}}}},"statementMap":{"1":{"start":{"line":1,"column":0},"end":{"line":1,"column":33}},"2":{"start":{"line":5,"column":8},"end":{"line":5,"column":23}},"3":{"start":{"line":9,"column":8},"end":{"line":9,"column":46}},"4":{"start":{"line":13,"column":0},"end":{"line":13,"column":39}},"5":{"start":{"line":14,"column":0},"end":{"line":20,"column":2}},"6":{"start":{"line":22,"column":0},"end":{"line":22,"column":27}}},"branchMap":{}},"/Users/mamizou/work/makeomatic/mservice-calendar/models/guests.js":{"path":"/Users/mamizou/work/makeomatic/mservice-calendar/models/guests.js","s":{"1":1,"2":0,"3":0,"4":1,"5":1,"6":1},"b":{},"f":{"1":0,"2":0},"fnMap":{"1":{"name":"(anonymous_1)","line":4,"loc":{"start":{"line":4,"column":15},"end":{"line":4,"column":25}}},"2":{"name":"(anonymous_2)","line":8,"loc":{"start":{"line":8,"column":18},"end":{"line":8,"column":26}}}},"statementMap":{"1":{"start":{"line":1,"column":0},"end":{"line":1,"column":33}},"2":{"start":{"line":5,"column":8},"end":{"line":5,"column":23}},"3":{"start":{"line":9,"column":8},"end":{"line":9,"column":47}},"4":{"start":{"line":13,"column":0},"end":{"line":13,"column":41}},"5":{"start":{"line":14,"column":0},"end":{"line":20,"column":2}},"6":{"start":{"line":22,"column":0},"end":{"line":22,"column":28}}},"branchMap":{}},"/Users/mamizou/work/makeomatic/mservice-calendar/controllers/events.js":{"path":"/Users/mamizou/work/makeomatic/mservice-calendar/controllers/events.js","s":{"1":1,"2":1,"3":1,"4":1,"5":0,"6":0,"7":0,"8":0,"9":0,"10":0,"11":0,"12":1},"b":{"1":[0,0]},"f":{"1":0,"2":0,"3":0,"4":0,"5":0,"6":0,"7":0},"fnMap":{"1":{"name":"(anonymous_1)","line":9,"loc":{"start":{"line":9,"column":15},"end":{"line":9,"column":25}}},"2":{"name":"(anonymous_2)","line":13,"loc":{"start":{"line":13,"column":10},"end":{"line":13,"column":17}}},"3":{"name":"createUnit","line":14,"loc":{"start":{"line":14,"column":41},"end":{"line":14,"column":68}}},"4":{"name":"(anonymous_4)","line":25,"loc":{"start":{"line":25,"column":10},"end":{"line":25,"column":13}}},"5":{"name":"(anonymous_5)","line":29,"loc":{"start":{"line":29,"column":10},"end":{"line":29,"column":13}}},"6":{"name":"(anonymous_6)","line":33,"loc":{"start":{"line":33,"column":8},"end":{"line":33,"column":11}}},"7":{"name":"(anonymous_7)","line":37,"loc":{"start":{"line":37,"column":10},"end":{"line":37,"column":13}}}},"statementMap":{"1":{"start":{"line":1,"column":0},"end":{"line":1,"column":43}},"2":{"start":{"line":3,"column":0},"end":{"line":3,"column":47}},"3":{"start":{"line":5,"column":0},"end":{"line":5,"column":36}},"4":{"start":{"line":6,"column":0},"end":{"line":6,"column":40}},"5":{"start":{"line":10,"column":8},"end":{"line":10,"column":23}},"6":{"start":{"line":14,"column":8},"end":{"line":22,"column":11}},"7":{"start":{"line":15,"column":12},"end":{"line":17,"column":13}},"8":{"start":{"line":16,"column":16},"end":{"line":16,"column":78}},"9":{"start":{"line":19,"column":12},"end":{"line":19,"column":65}},"10":{"start":{"line":20,"column":12},"end":{"line":20,"column":64}},"11":{"start":{"line":21,"column":12},"end":{"line":21,"column":41}},"12":{"start":{"line":42,"column":0},"end":{"line":42,"column":33}}},"branchMap":{"1":{"line":15,"type":"if","locations":[{"start":{"line":15,"column":12},"end":{"line":15,"column":12}},{"start":{"line":15,"column":12},"end":{"line":15,"column":12}}]}}},"/Users/mamizou/work/makeomatic/mservice-calendar/controllers/controller.js":{"path":"/Users/mamizou/work/makeomatic/mservice-calendar/controllers/controller.js","s":{"1":1,"2":1,"3":0,"4":0,"5":0,"6":0,"7":0,"8":0,"9":0,"10":0,"11":0,"12":0,"13":0,"14":0,"15":0,"16":0,"17":0,"18":0,"19":0,"20":0,"21":0,"22":0,"23":0,"24":0,"25":1},"b":{"1":[0,0],"2":[0,0,0],"3":[0,0],"4":[0,0,0],"5":[0,0],"6":[0,0],"7":[0,0],"8":[0,0]},"f":{"1":0,"2":0,"3":0,"4":0,"5":0,"6":0,"7":0,"8":0},"fnMap":{"1":{"name":"isGenerator","line":3,"loc":{"start":{"line":3,"column":0},"end":{"line":3,"column":24}}},"2":{"name":"(anonymous_2)","line":4,"loc":{"start":{"line":4,"column":62},"end":{"line":4,"column":74}}},"3":{"name":"(anonymous_3)","line":8,"loc":{"start":{"line":8,"column":15},"end":{"line":8,"column":33}}},"4":{"name":"(anonymous_4)","line":19,"loc":{"start":{"line":19,"column":25},"end":{"line":19,"column":41}}},"5":{"name":"(anonymous_5)","line":27,"loc":{"start":{"line":27,"column":7},"end":{"line":27,"column":22}}},"6":{"name":"(anonymous_6)","line":41,"loc":{"start":{"line":41,"column":8},"end":{"line":41,"column":23}}},"7":{"name":"(anonymous_7)","line":55,"loc":{"start":{"line":55,"column":7},"end":{"line":55,"column":22}}},"8":{"name":"(anonymous_8)","line":75,"loc":{"start":{"line":75,"column":8},"end":{"line":75,"column":29}}}},"statementMap":{"1":{"start":{"line":1,"column":0},"end":{"line":1,"column":36}},"2":{"start":{"line":3,"column":0},"end":{"line":5,"column":1}},"3":{"start":{"line":4,"column":4},"end":{"line":4,"column":78}},"4":{"start":{"line":9,"column":8},"end":{"line":9,"column":33}},"5":{"start":{"line":10,"column":8},"end":{"line":10,"column":24}},"6":{"start":{"line":12,"column":8},"end":{"line":15,"column":10}},"7":{"start":{"line":17,"column":8},"end":{"line":17,"column":49}},"8":{"start":{"line":19,"column":8},"end":{"line":19,"column":58}},"9":{"start":{"line":19,"column":43},"end":{"line":19,"column":56}},"10":{"start":{"line":28,"column":8},"end":{"line":33,"column":9}},"11":{"start":{"line":29,"column":12},"end":{"line":29,"column":45}},"12":{"start":{"line":32,"column":12},"end":{"line":32,"column":45}},"13":{"start":{"line":42,"column":8},"end":{"line":47,"column":9}},"14":{"start":{"line":43,"column":12},"end":{"line":43,"column":46}},"15":{"start":{"line":46,"column":12},"end":{"line":46,"column":46}},"16":{"start":{"line":56,"column":8},"end":{"line":58,"column":9}},"17":{"start":{"line":57,"column":12},"end":{"line":57,"column":34}},"18":{"start":{"line":60,"column":8},"end":{"line":62,"column":9}},"19":{"start":{"line":61,"column":12},"end":{"line":61,"column":34}},"20":{"start":{"line":64,"column":8},"end":{"line":64,"column":40}},"21":{"start":{"line":76,"column":8},"end":{"line":76,"column":45}},"22":{"start":{"line":77,"column":8},"end":{"line":79,"column":9}},"23":{"start":{"line":78,"column":12},"end":{"line":78,"column":63}},"24":{"start":{"line":80,"column":8},"end":{"line":83,"column":46}},"25":{"start":{"line":87,"column":0},"end":{"line":87,"column":28}}},"branchMap":{"1":{"line":28,"type":"if","locations":[{"start":{"line":28,"column":8},"end":{"line":28,"column":8}},{"start":{"line":28,"column":8},"end":{"line":28,"column":8}}]},"2":{"line":28,"type":"binary-expr","locations":[{"start":{"line":28,"column":12},"end":{"line":28,"column":30}},{"start":{"line":28,"column":34},"end":{"line":28,"column":47}},{"start":{"line":28,"column":51},"end":{"line":28,"column":76}}]},"3":{"line":42,"type":"if","locations":[{"start":{"line":42,"column":8},"end":{"line":42,"column":8}},{"start":{"line":42,"column":8},"end":{"line":42,"column":8}}]},"4":{"line":42,"type":"binary-expr","locations":[{"start":{"line":42,"column":12},"end":{"line":42,"column":30}},{"start":{"line":42,"column":34},"end":{"line":42,"column":47}},{"start":{"line":42,"column":51},"end":{"line":42,"column":76}}]},"5":{"line":56,"type":"if","locations":[{"start":{"line":56,"column":8},"end":{"line":56,"column":8}},{"start":{"line":56,"column":8},"end":{"line":56,"column":8}}]},"6":{"line":56,"type":"binary-expr","locations":[{"start":{"line":56,"column":12},"end":{"line":56,"column":44}},{"start":{"line":56,"column":48},"end":{"line":56,"column":88}}]},"7":{"line":60,"type":"if","locations":[{"start":{"line":60,"column":8},"end":{"line":60,"column":8}},{"start":{"line":60,"column":8},"end":{"line":60,"column":8}}]},"8":{"line":77,"type":"if","locations":[{"start":{"line":77,"column":8},"end":{"line":77,"column":8}},{"start":{"line":77,"column":8},"end":{"line":77,"column":8}}]}}}}