TN:
SF:/Users/mamizou/work/makeomatic/mservice-calendar/utils.js
FN:2,(anonymous_1)
FNF:1
FNH:0
FNDA:0,(anonymous_1)
DA:3,0
DA:4,0
DA:6,0
DA:7,0
DA:12,1
DA:14,1
LF:6
LH:2
BRDA:3,1,0,0
BRDA:3,1,1,0
BRDA:6,2,0,0
BRDA:6,2,1,0
BRDA:6,2,2,0
BRDA:7,3,0,0
BRDA:7,3,1,0
BRDA:7,3,2,0
BRF:8
BRH:0
end_of_record
TN:
SF:/Users/mamizou/work/makeomatic/mservice-calendar/index.js
FN:16,(anonymous_1)
FN:30,arrayHandler
FN:31,(anonymous_3)
FN:41,(anonymous_4)
FN:42,(anonymous_5)
FN:53,(anonymous_6)
FN:54,(anonymous_7)
FN:71,(anonymous_8)
FNF:8
FNH:8
FNDA:2,(anonymous_1)
FNDA:2,arrayHandler
FNDA:6,(anonymous_3)
FNDA:1,(anonymous_4)
FNDA:1,(anonymous_5)
FNDA:1,(anonymous_6)
FNDA:1,(anonymous_7)
FNDA:11,(anonymous_8)
DA:1,1
DA:2,1
DA:3,1
DA:5,1
DA:6,1
DA:7,1
DA:9,1
DA:11,1
DA:17,2
DA:20,2
DA:21,2
DA:22,2
DA:25,2
DA:30,2
DA:31,2
DA:32,6
DA:42,1
DA:43,1
DA:50,1
DA:54,1
DA:55,1
DA:62,1
DA:72,11
DA:73,1
DA:75,10
DA:76,10
DA:77,1
DA:80,9
DA:81,8
DA:82,8
DA:84,8
DA:85,7
DA:87,1
DA:90,1
DA:96,1
DA:102,1
LF:36
LH:36
BRDA:22,1,0,2
BRDA:22,1,1,1
BRDA:31,2,0,2
BRDA:31,2,1,0
BRDA:72,3,0,1
BRDA:72,3,1,10
BRDA:76,4,0,1
BRDA:76,4,1,9
BRDA:80,5,0,8
BRDA:80,5,1,1
BRDA:84,6,0,7
BRDA:84,6,1,1
BRF:12
BRH:11
end_of_record
TN:
SF:/Users/mamizou/work/makeomatic/mservice-calendar/models/events.js
FN:16,(anonymous_1)
FN:26,(anonymous_2)
FN:31,(anonymous_3)
FN:37,(anonymous_4)
FNF:4
FNH:4
FNDA:3,(anonymous_1)
FNDA:3,(anonymous_2)
FNDA:1,(anonymous_3)
FNDA:1,(anonymous_4)
DA:13,1
DA:17,3
DA:19,3
DA:20,3
DA:23,3
DA:28,3
DA:32,1
DA:33,1
DA:34,1
DA:38,1
DA:39,1
DA:43,1
DA:44,1
DA:55,1
LF:14
LH:14
BRF:0
BRH:0
end_of_record
TN:
SF:/Users/mamizou/work/makeomatic/mservice-calendar/models/model.js
FN:2,(anonymous_1)
FN:10,(anonymous_2)
FN:14,(anonymous_3)
FNF:3
FNH:2
FNDA:3,(anonymous_1)
FNDA:0,(anonymous_2)
FNDA:2,(anonymous_3)
DA:1,1
DA:3,3
DA:11,0
DA:15,2
DA:16,2
LF:5
LH:4
BRDA:15,1,0,2
BRDA:15,1,1,0
BRF:2
BRH:1
end_of_record
TN:
SF:/Users/mamizou/work/makeomatic/mservice-calendar/models/hosts.js
FN:4,(anonymous_1)
FN:14,(anonymous_2)
FN:20,(anonymous_3)
FNF:3
FNH:2
FNDA:0,(anonymous_1)
FNDA:1,(anonymous_2)
FNDA:1,(anonymous_3)
DA:1,1
DA:5,0
DA:7,0
DA:8,0
DA:11,0
DA:15,1
DA:16,1
DA:17,1
DA:21,1
DA:22,1
DA:26,1
DA:27,1
DA:33,1
LF:13
LH:9
BRF:0
BRH:0
end_of_record
TN:
SF:/Users/mamizou/work/makeomatic/mservice-calendar/models/guests.js
FN:4,(anonymous_1)
FN:14,(anonymous_2)
FN:20,(anonymous_3)
FNF:3
FNH:2
FNDA:0,(anonymous_1)
FNDA:1,(anonymous_2)
FNDA:1,(anonymous_3)
DA:1,1
DA:5,0
DA:7,0
DA:8,0
DA:11,0
DA:15,1
DA:16,1
DA:17,1
DA:21,1
DA:22,1
DA:26,1
DA:27,1
DA:33,1
LF:13
LH:9
BRF:0
BRH:0
end_of_record
TN:
SF:/Users/mamizou/work/makeomatic/mservice-calendar/controllers/events.js
FN:10,(anonymous_1)
FN:14,(anonymous_2)
FN:15,createUnit
FN:40,(anonymous_4)
FN:44,(anonymous_5)
FN:48,(anonymous_6)
FN:52,(anonymous_7)
FNF:7
FNH:3
FNDA:2,(anonymous_1)
FNDA:7,(anonymous_2)
FNDA:7,createUnit
FNDA:0,(anonymous_4)
FNDA:0,(anonymous_5)
FNDA:0,(anonymous_6)
FNDA:0,(anonymous_7)
DA:1,1
DA:3,1
DA:5,1
DA:6,1
DA:7,1
DA:11,2
DA:15,7
DA:16,7
DA:17,1
DA:20,6
DA:22,4
DA:23,1
DA:27,3
DA:28,3
DA:30,1
DA:34,4
DA:35,3
DA:36,3
DA:57,1
LF:19
LH:19
BRDA:16,1,0,1
BRDA:16,1,1,6
BRDA:20,2,0,4
BRDA:20,2,1,2
BRDA:22,3,0,1
BRDA:22,3,1,3
BRF:6
BRH:6
end_of_record
TN:
SF:/Users/mamizou/work/makeomatic/mservice-calendar/controllers/controller.js
FN:3,isGenerator
FN:4,(anonymous_2)
FN:8,(anonymous_3)
FN:19,(anonymous_4)
FN:27,(anonymous_5)
FN:41,(anonymous_6)
FN:55,(anonymous_7)
FN:75,(anonymous_8)
FNF:8
FNH:5
FNDA:7,isGenerator
FNDA:0,(anonymous_2)
FNDA:2,(anonymous_3)
FNDA:9,(anonymous_4)
FNDA:0,(anonymous_5)
FNDA:0,(anonymous_6)
FNDA:14,(anonymous_7)
FNDA:7,(anonymous_8)
DA:1,1
DA:3,1
DA:4,7
DA:9,2
DA:10,2
DA:12,2
DA:17,2
DA:19,9
DA:28,0
DA:29,0
DA:32,0
DA:42,0
DA:43,0
DA:46,0
DA:56,14
DA:57,14
DA:60,0
DA:61,0
DA:64,0
DA:76,7
DA:77,7
DA:78,7
DA:80,7
DA:87,1
LF:24
LH:15
BRDA:28,1,0,0
BRDA:28,1,1,0
BRDA:28,2,0,0
BRDA:28,2,1,0
BRDA:28,2,2,0
BRDA:42,3,0,0
BRDA:42,3,1,0
BRDA:42,4,0,0
BRDA:42,4,1,0
BRDA:42,4,2,0
BRDA:56,5,0,14
BRDA:56,5,1,0
BRDA:56,6,0,14
BRDA:56,6,1,14
BRDA:60,7,0,0
BRDA:60,7,1,0
BRDA:77,8,0,7
BRDA:77,8,1,0
BRF:18
BRH:4
end_of_record
