TN:
SF:/Users/mamizou/work/makeomatic/mservice-calendar/index.js
FN:12,(anonymous_1)
FN:13,(anonymous_2)
FN:14,(anonymous_3)
FN:22,(anonymous_4)
FN:39,(anonymous_5)
FN:40,(anonymous_6)
FN:51,(anonymous_7)
FN:52,(anonymous_8)
FN:57,(anonymous_9)
FNF:9
FNH:0
FNDA:0,(anonymous_1)
FNDA:0,(anonymous_2)
FNDA:0,(anonymous_3)
FNDA:0,(anonymous_4)
FNDA:0,(anonymous_5)
FNDA:0,(anonymous_6)
FNDA:0,(anonymous_7)
FNDA:0,(anonymous_8)
FNDA:0,(anonymous_9)
DA:1,1
DA:2,1
DA:4,1
DA:5,1
DA:6,1
DA:8,1
DA:10,1
DA:12,1
DA:13,0
DA:14,0
DA:15,0
DA:23,0
DA:26,0
DA:27,0
DA:30,0
DA:40,0
DA:41,0
DA:48,0
DA:52,0
DA:53,0
DA:54,0
DA:63,1
DA:69,1
LF:23
LH:10
BRDA:13,1,0,0
BRDA:13,1,1,0
BRF:2
BRH:0
end_of_record
TN:
SF:/Users/mamizou/work/makeomatic/mservice-calendar/models/events.js
FN:16,(anonymous_1)
FN:26,(anonymous_2)
FN:31,(anonymous_3)
FNF:3
FNH:0
FNDA:0,(anonymous_1)
FNDA:0,(anonymous_2)
FNDA:0,(anonymous_3)
DA:13,1
DA:17,0
DA:19,0
DA:20,0
DA:23,0
DA:28,0
DA:32,0
DA:36,1
DA:37,1
DA:50,1
LF:10
LH:4
BRF:0
BRH:0
end_of_record
TN:
SF:/Users/mamizou/work/makeomatic/mservice-calendar/models/model.js
FN:2,(anonymous_1)
FN:10,(anonymous_2)
FN:14,(anonymous_3)
FNF:3
FNH:0
FNDA:0,(anonymous_1)
FNDA:0,(anonymous_2)
FNDA:0,(anonymous_3)
DA:1,1
DA:3,0
DA:11,0
DA:15,0
DA:16,0
LF:5
LH:1
BRDA:15,1,0,0
BRDA:15,1,1,0
BRF:2
BRH:0
end_of_record
TN:
SF:/Users/mamizou/work/makeomatic/mservice-calendar/models/hosts.js
FN:4,(anonymous_1)
FN:8,(anonymous_2)
FNF:2
FNH:0
FNDA:0,(anonymous_1)
FNDA:0,(anonymous_2)
DA:1,1
DA:5,0
DA:9,0
DA:13,1
DA:14,1
DA:22,1
LF:6
LH:4
BRF:0
BRH:0
end_of_record
TN:
SF:/Users/mamizou/work/makeomatic/mservice-calendar/models/guests.js
FN:4,(anonymous_1)
FN:8,(anonymous_2)
FNF:2
FNH:0
FNDA:0,(anonymous_1)
FNDA:0,(anonymous_2)
DA:1,1
DA:5,0
DA:9,0
DA:13,1
DA:14,1
DA:22,1
LF:6
LH:4
BRF:0
BRH:0
end_of_record
TN:
SF:/Users/mamizou/work/makeomatic/mservice-calendar/controllers/events.js
FN:9,(anonymous_1)
FN:13,(anonymous_2)
FN:14,createUnit
FN:25,(anonymous_4)
FN:29,(anonymous_5)
FN:33,(anonymous_6)
FN:37,(anonymous_7)
FNF:7
FNH:0
FNDA:0,(anonymous_1)
FNDA:0,(anonymous_2)
FNDA:0,createUnit
FNDA:0,(anonymous_4)
FNDA:0,(anonymous_5)
FNDA:0,(anonymous_6)
FNDA:0,(anonymous_7)
DA:1,1
DA:3,1
DA:5,1
DA:6,1
DA:10,0
DA:14,0
DA:15,0
DA:16,0
DA:19,0
DA:20,0
DA:21,0
DA:42,1
LF:12
LH:5
BRDA:15,1,0,0
BRDA:15,1,1,0
BRF:2
BRH:0
end_of_record
TN:
SF:/Users/mamizou/work/makeomatic/mservice-calendar/controllers/controller.js
FN:3,isGenerator
FN:4,(anonymous_2)
FN:8,(anonymous_3)
FN:19,(anonymous_4)
FN:27,(anonymous_5)
FN:41,(anonymous_6)
FN:55,(anonymous_7)
FN:75,(anonymous_8)
FNF:8
FNH:0
FNDA:0,isGenerator
FNDA:0,(anonymous_2)
FNDA:0,(anonymous_3)
FNDA:0,(anonymous_4)
FNDA:0,(anonymous_5)
FNDA:0,(anonymous_6)
FNDA:0,(anonymous_7)
FNDA:0,(anonymous_8)
DA:1,1
DA:3,1
DA:4,0
DA:9,0
DA:10,0
DA:12,0
DA:17,0
DA:19,0
DA:28,0
DA:29,0
DA:32,0
DA:42,0
DA:43,0
DA:46,0
DA:56,0
DA:57,0
DA:60,0
DA:61,0
DA:64,0
DA:76,0
DA:77,0
DA:78,0
DA:80,0
DA:87,1
LF:24
LH:3
BRDA:28,1,0,0
BRDA:28,1,1,0
BRDA:28,2,0,0
BRDA:28,2,1,0
BRDA:28,2,2,0
BRDA:42,3,0,0
BRDA:42,3,1,0
BRDA:42,4,0,0
BRDA:42,4,1,0
BRDA:42,4,2,0
BRDA:56,5,0,0
BRDA:56,5,1,0
BRDA:56,6,0,0
BRDA:56,6,1,0
BRDA:60,7,0,0
BRDA:60,7,1,0
BRDA:77,8,0,0
BRDA:77,8,1,0
BRF:18
BRH:0
end_of_record
